<?xml version="1.0" encoding="UTF-8"?>
<!-- Generated by org.testng.reporters.JUnitReportReporter -->
<testsuite hostname="NDI-LAP-243" name="com.learning.facebook.pom.testCases.FindFriendTest" tests="1" failures="0" timestamp="11 Aug 2015 07:33:34 GMT" time="256.489" errors="0">
  <testcase name="searchFriend" time="256.489" classname="com.learning.facebook.pom.testCases.FindFriendTest"/>
</testsuite> <!-- com.learning.facebook.pom.testCases.FindFriendTest -->
